<?xml version="1.0" encoding="UTF-8"?>
<testng-results total="1" passed="1" failed="0" skipped="0">
  <reporter-output>
  </reporter-output>
  <suite started-at="2022-11-21T15:12:57Z" name="Default suite" finished-at="2022-11-21T15:13:24Z" duration-ms="27016">
    <groups>
    </groups>
    <test started-at="2022-11-21T15:12:57Z" name="Default test" finished-at="2022-11-21T15:13:24Z" duration-ms="27016">
      <class name="datadriven.hrmjs">
        <test-method signature="tc()[pri:0, instance:datadriven.hrmjs@4241e0f4]" started-at="2022-11-21T20:42:57Z" name="tc" finished-at="2022-11-21T20:43:24Z" duration-ms="26964" status="PASS">
          <reporter-output>
          </reporter-output>
        </test-method> <!-- tc -->
      </class> <!-- datadriven.hrmjs -->
    </test> <!-- Default test -->
  </suite> <!-- Default suite -->
</testng-results>
